[INFO] Scanning for projects...
[INFO] Computing target platform for MavenProject: org.openhab.binding:org.openhab.binding.lgtv:1.6.0-SNAPSHOT @ /home/mf/openhab/openhab_24082014/bundles/binding/org.openhab.binding.lgtv/pom.xml
[INFO] Resolving dependencies of MavenProject: org.openhab.binding:org.openhab.binding.lgtv:1.6.0-SNAPSHOT @ /home/mf/openhab/openhab_24082014/bundles/binding/org.openhab.binding.lgtv/pom.xml
[WARNING] The following locally built units have been used to resolve project dependencies:
[WARNING]   org.openhab.ui/1.6.0.201410051008
[WARNING]   org.openhab.io.net/1.6.0.201410051008
[WARNING]   org.openhab.model.persistence/1.6.0.201410051008
[WARNING]   org.openhab.core.scheduler/1.6.0.201410051008
[WARNING]   org.openhab.core.library/1.6.0.201410051008
[WARNING]   org.openhab.io.console/1.6.0.201410051008
[WARNING]   org.openhab.core.transform/1.6.0.201410051008
[WARNING]   org.openhab.core/1.6.0.201410051008
[WARNING]   org.openhab.config.core/1.6.0.201410051008
[WARNING]   org.openhab.core.scriptengine/1.6.0.201410051008
[WARNING]   org.openhab.model.item/1.6.0.201410051008
[WARNING]   org.openhab.model.core/1.6.0.201410051008
[WARNING]   org.openhab.core.persistence/1.6.0.201410051008
[WARNING]   org.openhab.model.sitemap/1.6.0.201410051008
[INFO] Resolving class path of MavenProject: org.openhab.binding:org.openhab.binding.lgtv:1.6.0-SNAPSHOT @ /home/mf/openhab/openhab_24082014/bundles/binding/org.openhab.binding.lgtv/pom.xml
[INFO]                                                                         
[INFO] ------------------------------------------------------------------------
[INFO] Building openHAB Lgtv Binding 1.6.0-SNAPSHOT
[INFO] ------------------------------------------------------------------------
[INFO] 
[INFO] --- maven-clean-plugin:2.5:clean (default-clean) @ org.openhab.binding.lgtv ---
[INFO] Deleting /home/mf/openhab/openhab_24082014/bundles/binding/org.openhab.binding.lgtv/target
[INFO] 
[INFO] --- tycho-packaging-plugin:0.19.0:build-qualifier (default-build-qualifier) @ org.openhab.binding.lgtv ---
[INFO] The project's OSGi version is 1.6.0.201410110906
[INFO] 
[INFO] --- tycho-packaging-plugin:0.19.0:validate-id (default-validate-id) @ org.openhab.binding.lgtv ---
[INFO] 
[INFO] --- tycho-packaging-plugin:0.19.0:validate-version (default-validate-version) @ org.openhab.binding.lgtv ---
[INFO] 
[INFO] --- maven-resources-plugin:2.4.3:resources (default-resources) @ org.openhab.binding.lgtv ---
[INFO] Using 'UTF-8' encoding to copy filtered resources.
[INFO] Copying 1 resource
[INFO] 
[INFO] --- tycho-compiler-plugin:0.19.0:compile (default-compile) @ org.openhab.binding.lgtv ---
[WARNING] Effective compiler target 1.6 is incompatible with OSGi profile 'J2SE-1.5' { source level: 1.5, target level: 1.5} @ MavenProject: org.openhab.binding:org.openhab.binding.lgtv:1.6.0-SNAPSHOT @ /home/mf/openhab/openhab_24082014/bundles/binding/org.openhab.binding.lgtv/pom.xml
[INFO] Compiling 13 source files to /home/mf/openhab/openhab_24082014/bundles/binding/org.openhab.binding.lgtv/target/classes
[INFO] 
[INFO] --- maven-resources-plugin:2.4.3:testResources (default-testResources) @ org.openhab.binding.lgtv ---
[INFO] Using 'UTF-8' encoding to copy filtered resources.
[INFO] skip non existing resourceDirectory /home/mf/openhab/openhab_24082014/bundles/binding/org.openhab.binding.lgtv/src/test/resources
[INFO] 
[INFO] --- tycho-packaging-plugin:0.19.0:package-plugin (default-package-plugin) @ org.openhab.binding.lgtv ---
[INFO] Building jar: /home/mf/openhab/openhab_24082014/bundles/binding/org.openhab.binding.lgtv/target/org.openhab.binding.lgtv-1.6.0-SNAPSHOT.jar
[INFO] 
[INFO] --- tycho-p2-plugin:0.19.0:p2-metadata-default (default-p2-metadata-default) @ org.openhab.binding.lgtv ---
[INFO] 
[INFO] --- jdeb:1.0.1:jdeb (default) @ org.openhab.binding.lgtv ---
[INFO] Creating debian package: /home/mf/openhab/openhab_24082014/bundles/binding/org.openhab.binding.lgtv/target/${deb.name}-1.6.0-SNAPSHOT.deb
[INFO] Building data
[INFO] file:./usr/share/openhab/addons/org.openhab.binding.lgtv-1.6.0-SNAPSHOT.jar size:60549 mode:420 linkname: username:root userid:0 groupname:root groupid:0 modtime:Sat Oct 11 11:06:19 CEST 2014 md5: 79970472c2d0a78ded02fa4d7cbf8c3e
[INFO] Total size: 60549
[INFO] Building control
[INFO] Attaching created debian archive /home/mf/openhab/openhab_24082014/bundles/binding/org.openhab.binding.lgtv/target/${deb.name}-1.6.0-SNAPSHOT.deb
[INFO] 
[INFO] --- maven-install-plugin:2.3.1:install (default-install) @ org.openhab.binding.lgtv ---
[INFO] Installing /home/mf/openhab/openhab_24082014/bundles/binding/org.openhab.binding.lgtv/target/org.openhab.binding.lgtv-1.6.0-SNAPSHOT.jar to /home/mf/.m2/repository/org/openhab/binding/org.openhab.binding.lgtv/1.6.0-SNAPSHOT/org.openhab.binding.lgtv-1.6.0-SNAPSHOT.jar
[INFO] Installing /home/mf/openhab/openhab_24082014/bundles/binding/org.openhab.binding.lgtv/pom.xml to /home/mf/.m2/repository/org/openhab/binding/org.openhab.binding.lgtv/1.6.0-SNAPSHOT/org.openhab.binding.lgtv-1.6.0-SNAPSHOT.pom
[INFO] Installing /home/mf/openhab/openhab_24082014/bundles/binding/org.openhab.binding.lgtv/target/p2content.xml to /home/mf/.m2/repository/org/openhab/binding/org.openhab.binding.lgtv/1.6.0-SNAPSHOT/org.openhab.binding.lgtv-1.6.0-SNAPSHOT-p2metadata.xml
[INFO] Installing /home/mf/openhab/openhab_24082014/bundles/binding/org.openhab.binding.lgtv/target/p2artifacts.xml to /home/mf/.m2/repository/org/openhab/binding/org.openhab.binding.lgtv/1.6.0-SNAPSHOT/org.openhab.binding.lgtv-1.6.0-SNAPSHOT-p2artifacts.xml
[INFO] Installing /home/mf/openhab/openhab_24082014/bundles/binding/org.openhab.binding.lgtv/target/${deb.name}-1.6.0-SNAPSHOT.deb to /home/mf/.m2/repository/org/openhab/binding/org.openhab.binding.lgtv/1.6.0-SNAPSHOT/org.openhab.binding.lgtv-1.6.0-SNAPSHOT.deb
[INFO] 
[INFO] --- tycho-p2-plugin:0.19.0:update-local-index (default-update-local-index) @ org.openhab.binding.lgtv ---
[INFO] ------------------------------------------------------------------------
[INFO] BUILD SUCCESS
[INFO] ------------------------------------------------------------------------
[INFO] Total time: 01:48 min
[INFO] Finished at: 2014-10-11T11:06:19+02:00
[INFO] Final Memory: 78M/495M
[INFO] ------------------------------------------------------------------------
